C:\Program Files\Microsoft Visual Studio\2022\Community\MSBuild\Microsoft\VC\v170\Microsoft.CppBuild.targets(524,5): warning MSB8004: Le répertoire Output ne se termine pas par une barre oblique finale. Cette instance de build ajoutera une barre oblique, comme requis, pour permettre l'évaluation correcte du répertoire Output.
  3dnow.cpp
  almostequal.cpp
  anorms.cpp
  bumpvects.cpp
  color_conversion.cpp
  halton.cpp
  IceKey.cpp
  imagequant.cpp
  lightdesc.cpp
  mathlib_base.cpp
  polyhedron.cpp
  powsse.cpp
  quantize.cpp
  randsse.cpp
  simdvectormatrix.cpp
  sparse_convolution_noise.cpp
  spherical.cpp
  sse.cpp
  sseconst.cpp
  ssenoise.cpp
  vector.cpp
  vmatrix.cpp
C:\Program Files\Microsoft Visual Studio\2022\Community\MSBuild\Microsoft\VC\v170\Microsoft.CppBuild.targets(1564,5): warning MSB8012: TargetPath(C:\Users\lumin\Desktop\bin\mathlib.lib) ne correspond pas à la valeur de la propriété OutputFile (C:\Users\lumin\Desktop\Source-SDK-2013-GMOD-Tools-Mod-main\src\lib\public\x64\mathlib.lib) de Library. Cela peut entraîner une génération incorrecte de votre projet. Pour corriger ce problème, vérifiez que les valeurs des propriétés $(OutDir), $(TargetName) et $(TargetExt) correspondent à la valeur spécifiée dans %(Lib.OutputFile).
  mathlib_win64.vcxproj -> C:\Users\lumin\Desktop\bin\mathlib.lib
