C:\Program Files\Microsoft Visual Studio\2022\Community\MSBuild\Microsoft\VC\v170\Microsoft.CppBuild.targets(524,5): warning MSB8004: Le répertoire Output ne se termine pas par une barre oblique finale. Cette instance de build ajoutera une barre oblique, comme requis, pour permettre l'évaluation correcte du répertoire Output.
C:\Program Files\Microsoft Visual Studio\2022\Community\MSBuild\Microsoft\VC\v170\Microsoft.CppBuild.targets(538,5): warning MSB8028: Le répertoire intermédiaire (.\Release\x64\) contient des fichiers partagés provenant d'un autre projet (vvis_CUDA-Modded.vcxproj, vvis_GPU-Modded.vcxproj). Cela peut entraîner un comportement de nettoyage et de regénération incorrect.
  bsplib.cpp
  cmdlib.cpp
  collisionutils.cpp
  filesystem_helpers.cpp
  filesystem_init.cpp
  filesystem_tools.cpp
  flow.cpp
  loadcmdline.cpp
  lumpfiles.cpp
  MySqlDatabase.cpp
  pacifier.cpp
  scratchpad3d.cpp
  scratchpad_helpers.cpp
  scriplib.cpp
  threads.cpp
  tools_minidump.cpp
  vvis.cpp
  WaterDist.cpp
  zip_utils.cpp
  cl_version.h: CL_TARGET_OPENCL_VERSION is not defined. Defaulting to 300 (OpenCL 3.0)
     Création de la bibliothèque ..\..\..\bin\vvis_GPU.lib et de l'objet ..\..\..\bin\vvis_GPU.exp
  vvis_dll_win64.vcxproj -> C:\Users\lumin\Desktop\GitHub\Source-SDK-2013-GMOD-Tools-Mod\bin\vvis_GPU.exe
