C:\Program Files\Microsoft Visual Studio\2022\Community\MSBuild\Microsoft\VC\v170\Microsoft.CppBuild.targets(524,5): warning MSB8004: Le répertoire Output ne se termine pas par une barre oblique finale. Cette instance de build ajoutera une barre oblique, comme requis, pour permettre l'évaluation correcte du répertoire Output.
  LzmaDec.c
  bitbuf.cpp
  byteswap.cpp
  characterset.cpp
  checksum_crc.cpp
  checksum_md5.cpp
  checksum_sha1.cpp
  commandbuffer.cpp
  convar.cpp
  datamanager.cpp
  diff.cpp
  exprevaluator.cpp
  generichash.cpp
  ilocalize.cpp
  interface.cpp
  KeyValues.cpp
  keyvaluesjson.cpp
  kvpacker.cpp
  lzmaDecoder.cpp
  mempool.cpp
  memstack.cpp
  NetAdr.cpp
  newbitbuf.cpp
  rangecheckedvar.cpp
  reliabletimer.cpp
  snappy-sinksource.cpp
  snappy-stubs-internal.cpp
  snappy.cpp
  sparsematrix.cpp
  splitstring.cpp
  stringpool.cpp
  strtools.cpp
  strtools_unicode.cpp
  tier1.cpp
  tokenreader.cpp
  uniqueid.cpp
  utlbinaryblock.cpp
  utlbuffer.cpp
  utlbufferutil.cpp
  utlstring.cpp
  utlsymbol.cpp
  processor_detect.cpp
C:\Program Files\Microsoft Visual Studio\2022\Community\MSBuild\Microsoft\VC\v170\Microsoft.CppBuild.targets(1564,5): warning MSB8012: TargetPath(C:\Users\lumin\Desktop\GitHub\bin\tier1.lib) ne correspond pas à la valeur de la propriété OutputFile (C:\Users\lumin\Desktop\GitHub\Source-SDK-2013-GMOD-Tools-Mod\src\lib\public\x64\tier1.lib) de Library. Cela peut entraîner une génération incorrecte de votre projet. Pour corriger ce problème, vérifiez que les valeurs des propriétés $(OutDir), $(TargetName) et $(TargetExt) correspondent à la valeur spécifiée dans %(Lib.OutputFile).
  tier1_win64.vcxproj -> C:\Users\lumin\Desktop\GitHub\bin\tier1.lib
